<?xml version="1.0" encoding="UTF-8"?>
<!-- Generated by org.testng.reporters.JUnitReportReporter -->
<testsuite hostname="DESKTOP-STVDEQP" failures="0" tests="2" name="TestClasses.TestPharmacyRece" time="15.910" errors="0" timestamp="2024-02-27T16:01:43 IST" skipped="0">
  <testcase classname="TestClasses.TestPharmacyRece" name="pharmacyViewTest" time="15.020"/>
  <testcase classname="TestClasses.TestPharmacyRece" name="searchPrescriptionsTest" time="0.890"/>
</testsuite> <!-- TestClasses.TestPharmacyRece -->
