<?xml version="1.0" encoding="UTF-8"?>
<!-- Generated by org.testng.reporters.JUnitReportReporter -->
<testsuite hostname="DESKTOP-STVDEQP" failures="0" tests="2" name="TestClasses.BillingTest" time="20.741" errors="0" timestamp="2024-03-02T17:01:20 IST" skipped="0">
  <testcase classname="TestClasses.BillingTest" name="navDocButtonTest" time="19.064"/>
  <testcase classname="TestClasses.BillingTest" name="searchAppTest" time="1.677"/>
</testsuite> <!-- TestClasses.BillingTest -->
