<?xml version="1.0" encoding="UTF-8"?>
<!-- Generated by org.testng.reporters.JUnitReportReporter -->
<testsuite hostname="DESKTOP-STVDEQP" failures="0" tests="1" name="TestClasses.LoginTestRece" time="2.392" errors="0" timestamp="2024-02-26T07:29:22 IST" skipped="0">
  <testcase classname="TestClasses.LoginTestRece" name="login" time="2.392"/>
</testsuite> <!-- TestClasses.LoginTestRece -->
